<?xml version="1.0" encoding="UTF-8" standalone="no"?>
<testsuite errors="0" failures="1" name="io.cucumber.core.plugin.JUnitFormatter" skipped="0" tests="2" time="30.752">
<testcase classname="Validate the Facebook Login Page functionlity" name="Verify the field are enable or not" time="16.21">
<system-out><![CDATA[Given User should lanuch the browser........................................passed
When User is on the Facebook Home page......................................passed
Then Check the field are enabled or not.....................................passed
]]></system-out>
</testcase>
<testcase classname="Validate the Facebook Login Page functionlity" name="Verify the field is accept the value's" time="14.14">
<failure message="expected:&lt;Test[]&gt; but was:&lt;Test[1]&gt;" type="org.junit.ComparisonFailure"><![CDATA[Given User should lanuch the browser........................................passed
When user should enter the data.............................................passed
Then Check the field is accepted the value or not...........................failed

StackTrace:
org.junit.ComparisonFailure: expected:<Test[]> but was:<Test[1]>
	at org.junit.Assert.assertEquals(Assert.java:117)
	at org.junit.Assert.assertEquals(Assert.java:146)
	at com.frameworkstep.FworkStepDefn.check_the_field_is_accepted_the_value_or_not(FworkStepDefn.java:42)
	at ✽.Check the field is accepted the value or not(file:///C:/Users/Radha/eclipse-workspace/FrameWork/src/test/resources/Feature/LoginPage.feature:12)
]]></failure>
</testcase>
</testsuite>
